0 info it worked if it ends with ok
1 verbose cli [ '/usr/local/bin/node', '/usr/local/bin/npm', 'install' ]
2 info using npm@2.15.9
3 info using node@v4.5.0
4 verbose readDependencies loading dependencies from /Users/UmarBajwa/Desktop/hitch-frontend/package.json
5 warn package.json Dependency 'babel-core' exists in both dependencies and devDependencies, using 'babel-core@^6.14.0' from dependencies
6 warn package.json Dependency 'babel-loader' exists in both dependencies and devDependencies, using 'babel-loader@^6.2.5' from dependencies
7 warn package.json Dependency 'babel-preset-react' exists in both dependencies and devDependencies, using 'babel-preset-react@^6.11.1' from dependencies
8 verbose install where, deps [ '/Users/UmarBajwa/Desktop/hitch-frontend',
8 verbose install   [ 'axios',
8 verbose install     'babel-core',
8 verbose install     'babel-loader',
8 verbose install     'babel-preset-es2015',
8 verbose install     'babel-preset-react',
8 verbose install     'css-loader',
8 verbose install     'eslint',
8 verbose install     'eslint-plugin-react',
8 verbose install     'file-loader',
8 verbose install     'html-webpack-plugin',
8 verbose install     'image-webpack-loader',
8 verbose install     'jquery',
8 verbose install     'react',
8 verbose install     'react-addons-css-transition-group',
8 verbose install     'react-bootstrap',
8 verbose install     'react-dom',
8 verbose install     'react-router',
8 verbose install     'react-typist',
8 verbose install     'style-loader',
8 verbose install     'webpack',
8 verbose install     'webpack-dev-server' ] ]
9 verbose install where, peers [ '/Users/UmarBajwa/Desktop/hitch-frontend', [] ]
10 verbose installManyTop reading for lifecycle /Users/UmarBajwa/Desktop/hitch-frontend/package.json
11 info preinstall hitch-frontend@1.0.0
12 verbose installManyTop reading scoped package data from /Users/UmarBajwa/Desktop/hitch-frontend/node_modules/axios/package.json
13 verbose installManyTop reading scoped package data from /Users/UmarBajwa/Desktop/hitch-frontend/node_modules/babel-core/package.json
14 verbose installManyTop reading scoped package data from /Users/UmarBajwa/Desktop/hitch-frontend/node_modules/babel-loader/package.json
15 verbose installManyTop reading scoped package data from /Users/UmarBajwa/Desktop/hitch-frontend/node_modules/babel-preset-es2015/package.json
16 verbose installManyTop reading scoped package data from /Users/UmarBajwa/Desktop/hitch-frontend/node_modules/babel-preset-react/package.json
17 verbose installManyTop reading scoped package data from /Users/UmarBajwa/Desktop/hitch-frontend/node_modules/css-loader/package.json
18 verbose installManyTop reading scoped package data from /Users/UmarBajwa/Desktop/hitch-frontend/node_modules/eslint/package.json
19 verbose installManyTop reading scoped package data from /Users/UmarBajwa/Desktop/hitch-frontend/node_modules/eslint-plugin-react/package.json
20 verbose installManyTop reading scoped package data from /Users/UmarBajwa/Desktop/hitch-frontend/node_modules/file-loader/package.json
21 verbose installManyTop reading scoped package data from /Users/UmarBajwa/Desktop/hitch-frontend/node_modules/html-webpack-plugin/package.json
22 verbose installManyTop reading scoped package data from /Users/UmarBajwa/Desktop/hitch-frontend/node_modules/image-webpack-loader/package.json
23 verbose installManyTop reading scoped package data from /Users/UmarBajwa/Desktop/hitch-frontend/node_modules/jquery/package.json
24 verbose installManyTop reading scoped package data from /Users/UmarBajwa/Desktop/hitch-frontend/node_modules/react/package.json
25 verbose installManyTop reading scoped package data from /Users/UmarBajwa/Desktop/hitch-frontend/node_modules/react-addons-css-transition-group/package.json
26 verbose installManyTop reading scoped package data from /Users/UmarBajwa/Desktop/hitch-frontend/node_modules/react-bootstrap/package.json
27 verbose installManyTop reading scoped package data from /Users/UmarBajwa/Desktop/hitch-frontend/node_modules/react-dom/package.json
28 verbose installManyTop reading scoped package data from /Users/UmarBajwa/Desktop/hitch-frontend/node_modules/react-router/package.json
29 verbose installManyTop reading scoped package data from /Users/UmarBajwa/Desktop/hitch-frontend/node_modules/style-loader/package.json
30 verbose installManyTop reading scoped package data from /Users/UmarBajwa/Desktop/hitch-frontend/node_modules/webpack/package.json
31 verbose installManyTop reading scoped package data from /Users/UmarBajwa/Desktop/hitch-frontend/node_modules/webpack-dev-server/package.json
32 info package.json axios@0.14.0 No README data
33 info package.json webpack-dev-server@1.15.1 No README data
34 info package.json image-webpack-loader@1.8.0 No license field.
35 verbose readDependencies loading dependencies from /Users/UmarBajwa/Desktop/hitch-frontend/package.json
36 verbose targetResolver reading package data from /Users/UmarBajwa/Desktop/hitch-frontend/node_modules/axios/package.json
37 verbose targetResolver reading package data from /Users/UmarBajwa/Desktop/hitch-frontend/node_modules/babel-core/package.json
38 verbose targetResolver reading package data from /Users/UmarBajwa/Desktop/hitch-frontend/node_modules/babel-loader/package.json
39 verbose targetResolver reading package data from /Users/UmarBajwa/Desktop/hitch-frontend/node_modules/babel-preset-es2015/package.json
40 verbose targetResolver reading package data from /Users/UmarBajwa/Desktop/hitch-frontend/node_modules/babel-preset-react/package.json
41 verbose targetResolver reading package data from /Users/UmarBajwa/Desktop/hitch-frontend/node_modules/css-loader/package.json
42 verbose targetResolver reading package data from /Users/UmarBajwa/Desktop/hitch-frontend/node_modules/eslint/package.json
43 verbose targetResolver reading package data from /Users/UmarBajwa/Desktop/hitch-frontend/node_modules/eslint-plugin-react/package.json
44 verbose targetResolver reading package data from /Users/UmarBajwa/Desktop/hitch-frontend/node_modules/file-loader/package.json
45 verbose targetResolver reading package data from /Users/UmarBajwa/Desktop/hitch-frontend/node_modules/html-webpack-plugin/package.json
46 verbose targetResolver reading package data from /Users/UmarBajwa/Desktop/hitch-frontend/node_modules/image-webpack-loader/package.json
47 verbose targetResolver reading package data from /Users/UmarBajwa/Desktop/hitch-frontend/node_modules/jquery/package.json
48 verbose targetResolver reading package data from /Users/UmarBajwa/Desktop/hitch-frontend/node_modules/react/package.json
49 verbose targetResolver reading package data from /Users/UmarBajwa/Desktop/hitch-frontend/node_modules/react-addons-css-transition-group/package.json
50 verbose targetResolver reading package data from /Users/UmarBajwa/Desktop/hitch-frontend/node_modules/react-bootstrap/package.json
51 verbose targetResolver reading package data from /Users/UmarBajwa/Desktop/hitch-frontend/node_modules/react-dom/package.json
52 verbose targetResolver reading package data from /Users/UmarBajwa/Desktop/hitch-frontend/node_modules/react-router/package.json
53 verbose targetResolver reading package data from /Users/UmarBajwa/Desktop/hitch-frontend/node_modules/style-loader/package.json
54 verbose targetResolver reading package data from /Users/UmarBajwa/Desktop/hitch-frontend/node_modules/webpack/package.json
55 verbose targetResolver reading package data from /Users/UmarBajwa/Desktop/hitch-frontend/node_modules/webpack-dev-server/package.json
56 verbose targetResolver reading package data from /Users/UmarBajwa/Desktop/hitch-frontend/node_modules/.bin/eslint/package.json
57 verbose targetResolver reading package data from /Users/UmarBajwa/Desktop/hitch-frontend/node_modules/.bin/webpack/package.json
58 verbose targetResolver reading package data from /Users/UmarBajwa/Desktop/hitch-frontend/node_modules/.bin/webpack-dev-server/package.json
59 verbose already installed skipping react@^15.3.1 /Users/UmarBajwa/Desktop/hitch-frontend
60 verbose already installed skipping react-addons-css-transition-group@^15.1.0 /Users/UmarBajwa/Desktop/hitch-frontend
61 verbose already installed skipping react-bootstrap@^0.30.3 /Users/UmarBajwa/Desktop/hitch-frontend
62 verbose already installed skipping react-dom@^15.3.1 /Users/UmarBajwa/Desktop/hitch-frontend
63 verbose already installed skipping react-router@^2.7.0 /Users/UmarBajwa/Desktop/hitch-frontend
64 silly cache add args [ 'react-typist@^0.3.0', null ]
65 verbose cache add spec react-typist@^0.3.0
66 silly cache add parsed spec Result {
66 silly cache add   raw: 'react-typist@^0.3.0',
66 silly cache add   scope: null,
66 silly cache add   name: 'react-typist',
66 silly cache add   rawSpec: '^0.3.0',
66 silly cache add   spec: '>=0.3.0 <0.4.0',
66 silly cache add   type: 'range' }
67 silly addNamed react-typist@>=0.3.0 <0.4.0
68 verbose addNamed ">=0.3.0 <0.4.0" is a valid semver range for react-typist
69 silly addNameRange { name: 'react-typist', range: '>=0.3.0 <0.4.0', hasData: false }
70 silly mapToRegistry name react-typist
71 silly mapToRegistry using default registry
72 silly mapToRegistry registry https://registry.npmjs.org/
73 silly mapToRegistry data Result {
73 silly mapToRegistry   raw: 'react-typist',
73 silly mapToRegistry   scope: null,
73 silly mapToRegistry   name: 'react-typist',
73 silly mapToRegistry   rawSpec: '',
73 silly mapToRegistry   spec: 'latest',
73 silly mapToRegistry   type: 'tag' }
74 silly mapToRegistry uri https://registry.npmjs.org/react-typist
75 verbose addNameRange registry:https://registry.npmjs.org/react-typist not in flight; fetching
76 verbose already installed skipping style-loader@^0.13.1 /Users/UmarBajwa/Desktop/hitch-frontend
77 verbose already installed skipping webpack@^1.13.2 /Users/UmarBajwa/Desktop/hitch-frontend
78 verbose already installed skipping webpack-dev-server@^1.15.1 /Users/UmarBajwa/Desktop/hitch-frontend
79 verbose already installed skipping axios@^0.14.0 /Users/UmarBajwa/Desktop/hitch-frontend
80 verbose already installed skipping babel-core@^6.14.0 /Users/UmarBajwa/Desktop/hitch-frontend
81 verbose already installed skipping babel-loader@^6.2.5 /Users/UmarBajwa/Desktop/hitch-frontend
82 verbose already installed skipping babel-preset-es2015@^6.9.0 /Users/UmarBajwa/Desktop/hitch-frontend
83 verbose request uri https://registry.npmjs.org/react-typist
84 verbose request no auth needed
85 info attempt registry request try #1 at 12:07:53 AM
86 verbose request id 457d7251f1778354
87 http request GET https://registry.npmjs.org/react-typist
88 verbose already installed skipping babel-preset-react@^6.11.1 /Users/UmarBajwa/Desktop/hitch-frontend
89 verbose already installed skipping css-loader@^0.23.1 /Users/UmarBajwa/Desktop/hitch-frontend
90 verbose already installed skipping eslint@^1.10.3 /Users/UmarBajwa/Desktop/hitch-frontend
91 verbose already installed skipping eslint-plugin-react@^3.6.2 /Users/UmarBajwa/Desktop/hitch-frontend
92 verbose already installed skipping file-loader@^0.9.0 /Users/UmarBajwa/Desktop/hitch-frontend
93 verbose already installed skipping html-webpack-plugin@^2.21.0 /Users/UmarBajwa/Desktop/hitch-frontend
94 verbose already installed skipping image-webpack-loader@^1.8.0 /Users/UmarBajwa/Desktop/hitch-frontend
95 verbose already installed skipping jquery@^3.1.0 /Users/UmarBajwa/Desktop/hitch-frontend
96 http 200 https://registry.npmjs.org/react-typist
97 verbose headers { server: 'CouchDB/1.5.0 (Erlang OTP/R16B03)',
97 verbose headers   etag: '"1IRC5K1E178UP934I2M39X62W"',
97 verbose headers   'content-type': 'application/json',
97 verbose headers   'content-encoding': 'gzip',
97 verbose headers   'cache-control': 'max-age=300',
97 verbose headers   'content-length': '4306',
97 verbose headers   'accept-ranges': 'bytes',
97 verbose headers   date: 'Sun, 11 Sep 2016 07:07:53 GMT',
97 verbose headers   via: '1.1 varnish',
97 verbose headers   age: '0',
97 verbose headers   connection: 'keep-alive',
97 verbose headers   'x-served-by': 'cache-sjc3137-SJC',
97 verbose headers   'x-cache': 'MISS',
97 verbose headers   'x-cache-hits': '0',
97 verbose headers   'x-timer': 'S1473577673.468003,VS0,VE39',
97 verbose headers   vary: 'Accept-Encoding' }
98 silly get cb [ 200,
98 silly get   { server: 'CouchDB/1.5.0 (Erlang OTP/R16B03)',
98 silly get     etag: '"1IRC5K1E178UP934I2M39X62W"',
98 silly get     'content-type': 'application/json',
98 silly get     'content-encoding': 'gzip',
98 silly get     'cache-control': 'max-age=300',
98 silly get     'content-length': '4306',
98 silly get     'accept-ranges': 'bytes',
98 silly get     date: 'Sun, 11 Sep 2016 07:07:53 GMT',
98 silly get     via: '1.1 varnish',
98 silly get     age: '0',
98 silly get     connection: 'keep-alive',
98 silly get     'x-served-by': 'cache-sjc3137-SJC',
98 silly get     'x-cache': 'MISS',
98 silly get     'x-cache-hits': '0',
98 silly get     'x-timer': 'S1473577673.468003,VS0,VE39',
98 silly get     vary: 'Accept-Encoding' } ]
99 verbose get saving react-typist to /Users/UmarBajwa/.npm/registry.npmjs.org/react-typist/.cache.json
100 verbose correctMkdir /Users/UmarBajwa/.npm correctMkdir not in flight; initializing
101 silly addNameRange number 2 { name: 'react-typist', range: '>=0.3.0 <0.4.0', hasData: true }
102 silly addNameRange versions [ 'react-typist',
102 silly addNameRange   [ '0.1.0', '0.1.2', '0.1.3', '0.2.0', '0.3.0' ] ]
103 silly addNamed react-typist@0.3.0
104 verbose addNamed "0.3.0" is a plain semver version for react-typist
105 silly mapToRegistry name react-typist
106 silly mapToRegistry using default registry
107 silly mapToRegistry registry https://registry.npmjs.org/
108 silly mapToRegistry data Result {
108 silly mapToRegistry   raw: 'react-typist',
108 silly mapToRegistry   scope: null,
108 silly mapToRegistry   name: 'react-typist',
108 silly mapToRegistry   rawSpec: '',
108 silly mapToRegistry   spec: 'latest',
108 silly mapToRegistry   type: 'tag' }
109 silly mapToRegistry uri https://registry.npmjs.org/react-typist
110 verbose addRemoteTarball https://registry.npmjs.org/react-typist/-/react-typist-0.3.0.tgz not in flight; adding
111 verbose addRemoteTarball [ 'https://registry.npmjs.org/react-typist/-/react-typist-0.3.0.tgz',
111 verbose addRemoteTarball   '9d8955ae0a2a151c5edfbe435f735d200dfaf777' ]
112 info retry fetch attempt 1 at 12:07:53 AM
113 info attempt registry request try #1 at 12:07:53 AM
114 http fetch GET https://registry.npmjs.org/react-typist/-/react-typist-0.3.0.tgz
115 http fetch 200 https://registry.npmjs.org/react-typist/-/react-typist-0.3.0.tgz
116 silly fetchAndShaCheck shasum 9d8955ae0a2a151c5edfbe435f735d200dfaf777
117 verbose addTmpTarball /var/folders/4s/hs7w3xhd50932vg095pnv_4h0000gn/T/npm-53483-aa3e7308/registry.npmjs.org/react-typist/-/react-typist-0.3.0.tgz not in flight; adding
118 verbose addTmpTarball already have metadata; skipping unpack for react-typist@0.3.0
119 verbose correctMkdir /Users/UmarBajwa/.npm correctMkdir not in flight; initializing
120 silly cache afterAdd react-typist@0.3.0
121 verbose afterAdd /Users/UmarBajwa/.npm/react-typist/0.3.0/package/package.json not in flight; writing
122 verbose correctMkdir /Users/UmarBajwa/.npm correctMkdir not in flight; initializing
123 verbose afterAdd /Users/UmarBajwa/.npm/react-typist/0.3.0/package/package.json written
124 silly install resolved [ { name: 'react-typist',
124 silly install resolved     version: '0.3.0',
124 silly install resolved     description: 'Typing animations with React',
124 silly install resolved     main: 'dist/Typist.js',
124 silly install resolved     scripts:
124 silly install resolved      { dist: 'webpack --config webpack.dist.config.js',
124 silly install resolved        standalone: 'webpack --config webpack.standalone.config.js',
124 silly install resolved        examples: 'webpack --devtool inline-source-map',
124 silly install resolved        start: 'webpack-dev-server --devtool inline-source-map --progress --colors --inline --hot --host 0.0.0.0 --content-base examples',
124 silly install resolved        test: 'karma start karma.conf.js' },
124 silly install resolved     repository:
124 silly install resolved      { type: 'git',
124 silly install resolved        url: 'git+https://github.com/jstejada/react-typist.git' },
124 silly install resolved     keywords:
124 silly install resolved      [ 'react',
124 silly install resolved        'reactjs',
124 silly install resolved        'react-typist',
124 silly install resolved        'react typist',
124 silly install resolved        'typing',
124 silly install resolved        'typing animation',
124 silly install resolved        'typing animations',
124 silly install resolved        'animation',
124 silly install resolved        'animations',
124 silly install resolved        'typist',
124 silly install resolved        'typewriter',
124 silly install resolved        'typewriter animation',
124 silly install resolved        'typewriter animations' ],
124 silly install resolved     author: { name: 'Juan Tejada' },
124 silly install resolved     license: 'MIT',
124 silly install resolved     peerDependencies: { react: '^0.14', 'react-dom': '^0.14' },
124 silly install resolved     devDependencies:
124 silly install resolved      { 'autoprefixer-loader': '^3.1.0',
124 silly install resolved        babel: '^5.8.23',
124 silly install resolved        'babel-eslint': '^4.1.3',
124 silly install resolved        'babel-loader': '^5.3.2',
124 silly install resolved        'css-loader': '^0.19.0',
124 silly install resolved        eslint: '^1.5.1',
124 silly install resolved        'eslint-config-airbnb': '^0.1.0',
124 silly install resolved        'eslint-loader': '^1.0.0',
124 silly install resolved        'eslint-plugin-react': '^3.4.2',
124 silly install resolved        'extract-text-webpack-plugin': '^0.8.2',
124 silly install resolved        'jasmine-core': '^2.3.4',
124 silly install resolved        'jasmine-react-matchers': '^1.0.2',
124 silly install resolved        karma: '^0.13.10',
124 silly install resolved        'karma-chrome-launcher': '^0.2.0',
124 silly install resolved        'karma-cli': '^0.1.1',
124 silly install resolved        'karma-jasmine': '^0.3.6',
124 silly install resolved        'karma-sourcemap-loader': '^0.3.5',
124 silly install resolved        'karma-webpack': '^1.7.0',
124 silly install resolved        'node-sass': '^3.3.3',
124 silly install resolved        react: '^0.14.0',
124 silly install resolved        'react-addons-test-utils': '^0.14.0',
124 silly install resolved        'react-dom': '^0.14.0',
124 silly install resolved        'sass-loader': '^2.0.1',
124 silly install resolved        'style-loader': '^0.12.4',
124 silly install resolved        webpack: '^1.12.2',
124 silly install resolved        'webpack-dev-server': '^1.12.0' },
124 silly install resolved     gitHead: 'e97af74f0e4f29f8518c6b18cfc5089b2ca92dd9',
124 silly install resolved     bugs: { url: 'https://github.com/jstejada/react-typist/issues' },
124 silly install resolved     homepage: 'https://github.com/jstejada/react-typist#readme',
124 silly install resolved     _id: 'react-typist@0.3.0',
124 silly install resolved     _shasum: '9d8955ae0a2a151c5edfbe435f735d200dfaf777',
124 silly install resolved     _from: 'react-typist@>=0.3.0 <0.4.0',
124 silly install resolved     _npmVersion: '3.3.6',
124 silly install resolved     _nodeVersion: '4.1.1',
124 silly install resolved     _npmUser: { name: 'jstejada', email: 'juans.tejada@gmail.com' },
124 silly install resolved     dist:
124 silly install resolved      { shasum: '9d8955ae0a2a151c5edfbe435f735d200dfaf777',
124 silly install resolved        tarball: 'https://registry.npmjs.org/react-typist/-/react-typist-0.3.0.tgz' },
124 silly install resolved     maintainers: [ [Object] ],
124 silly install resolved     directories: {},
124 silly install resolved     _resolved: 'https://registry.npmjs.org/react-typist/-/react-typist-0.3.0.tgz' } ]
125 info install react-typist@0.3.0 into /Users/UmarBajwa/Desktop/hitch-frontend
126 info installOne react-typist@0.3.0
127 verbose installOne of react-typist to /Users/UmarBajwa/Desktop/hitch-frontend not in flight; installing
128 verbose correctMkdir /Users/UmarBajwa/.npm/_locks correctMkdir not in flight; initializing
129 verbose lock using /Users/UmarBajwa/.npm/_locks/react-typist-c5a0391a03d3336c.lock for /Users/UmarBajwa/Desktop/hitch-frontend/node_modules/react-typist
130 silly install write writing react-typist 0.3.0 to /Users/UmarBajwa/Desktop/hitch-frontend/node_modules/react-typist
131 verbose unbuild node_modules/react-typist
132 silly gentlyRm /Users/UmarBajwa/Desktop/hitch-frontend/node_modules/react-typist is being purged from base /Users/UmarBajwa/Desktop/hitch-frontend
133 verbose gentlyRm don't care about contents; nuking /Users/UmarBajwa/Desktop/hitch-frontend/node_modules/react-typist
134 verbose tar unpack /Users/UmarBajwa/.npm/react-typist/0.3.0/package.tgz
135 verbose tar unpacking to /Users/UmarBajwa/Desktop/hitch-frontend/node_modules/react-typist
136 silly gentlyRm /Users/UmarBajwa/Desktop/hitch-frontend/node_modules/react-typist is being purged
137 verbose gentlyRm don't care about contents; nuking /Users/UmarBajwa/Desktop/hitch-frontend/node_modules/react-typist
138 silly gunzTarPerm modes [ '755', '644' ]
139 silly gunzTarPerm extractEntry package.json
140 silly gunzTarPerm extractEntry .npmignore
141 silly gunzTarPerm extractEntry README.md
142 silly gunzTarPerm extractEntry webpack.standalone.config.js
143 silly gunzTarPerm extractEntry karma.conf.js
144 silly gunzTarPerm extractEntry webpack.dist.config.js
145 silly gunzTarPerm extractEntry webpack.config.js
146 silly gunzTarPerm extractEntry .travis.yml
147 silly gunzTarPerm extractEntry LICENSE.md
148 silly gunzTarPerm extractEntry .eslintrc
149 silly gunzTarPerm extractEntry bower.json
150 silly gunzTarPerm extractEntry .editorconfig
151 silly gunzTarPerm extractEntry examples/index.js
152 silly gunzTarPerm extractEntry examples/index.html
153 silly gunzTarPerm extractEntry examples/main.scss
154 silly gunzTarPerm extractEntry .gitattributes
155 silly gunzTarPerm extractEntry .babelrc
156 silly gunzTarPerm extractEntry src/utils.js
157 silly gunzTarPerm extractEntry src/Cursor.jsx
158 silly gunzTarPerm extractEntry src/Cursor.scss
159 silly gunzTarPerm extractEntry src/Typist.jsx
160 silly gunzTarPerm extractEntry test/Typist.spec.js
161 silly gunzTarPerm extractEntry test/tests.bundle.js
162 silly gunzTarPerm extractEntry test/utils.spec.js
163 silly gunzTarPerm extractEntry .mversionrc
164 silly gunzTarPerm extractEntry dist/Typist.js
165 silly gunzTarPerm extractEntry dist/Typist.css
166 silly gunzTarPerm extractEntry dist/standalone/Typist.js
167 silly gunzTarPerm extractEntry dist/standalone/Typist.min.js
168 silly gunzTarPerm extractEntry dist/standalone/Typist.css
169 silly gunzTarPerm extractEntry dist/standalone/Typist.min.css
170 verbose write writing to /Users/UmarBajwa/Desktop/hitch-frontend/node_modules/react-typist/package.json
171 info preinstall react-typist@0.3.0
172 verbose readDependencies loading dependencies from /Users/UmarBajwa/Desktop/hitch-frontend/node_modules/react-typist/package.json
173 silly prepareForInstallMany adding react@^0.14 from react-typist peerDependencies
174 silly prepareForInstallMany adding react-dom@^0.14 from react-typist peerDependencies
175 warn peerDependencies The peer dependency react@^0.14 included from react-typist will no
176 warn peerDependencies longer be automatically installed to fulfill the peerDependency
177 warn peerDependencies in npm 3+. Your application will need to depend on it explicitly.
178 warn peerDependencies The peer dependency react-dom@^0.14 included from react-typist will no
179 warn peerDependencies longer be automatically installed to fulfill the peerDependency
180 warn peerDependencies in npm 3+. Your application will need to depend on it explicitly.
181 verbose readDependencies loading dependencies from /Users/UmarBajwa/Desktop/hitch-frontend/node_modules/react-typist/package.json
182 silly install resolved []
183 verbose about to build /Users/UmarBajwa/Desktop/hitch-frontend/node_modules/react-typist
184 info build /Users/UmarBajwa/Desktop/hitch-frontend/node_modules/react-typist
185 info linkStuff react-typist@0.3.0
186 silly linkStuff react-typist@0.3.0 has /Users/UmarBajwa/Desktop/hitch-frontend/node_modules as its parent node_modules
187 verbose linkBins react-typist@0.3.0
188 verbose linkMans react-typist@0.3.0
189 verbose rebuildBundles react-typist@0.3.0
190 info install react-typist@0.3.0
191 info postinstall react-typist@0.3.0
192 verbose readDependencies loading dependencies from /Users/UmarBajwa/Desktop/hitch-frontend/package.json
193 verbose targetResolver reading package data from /Users/UmarBajwa/Desktop/hitch-frontend/node_modules/axios/package.json
194 verbose targetResolver reading package data from /Users/UmarBajwa/Desktop/hitch-frontend/node_modules/babel-core/package.json
195 verbose targetResolver reading package data from /Users/UmarBajwa/Desktop/hitch-frontend/node_modules/babel-loader/package.json
196 verbose targetResolver reading package data from /Users/UmarBajwa/Desktop/hitch-frontend/node_modules/babel-preset-es2015/package.json
197 verbose targetResolver reading package data from /Users/UmarBajwa/Desktop/hitch-frontend/node_modules/babel-preset-react/package.json
198 verbose targetResolver reading package data from /Users/UmarBajwa/Desktop/hitch-frontend/node_modules/css-loader/package.json
199 verbose targetResolver reading package data from /Users/UmarBajwa/Desktop/hitch-frontend/node_modules/eslint/package.json
200 verbose targetResolver reading package data from /Users/UmarBajwa/Desktop/hitch-frontend/node_modules/eslint-plugin-react/package.json
201 verbose targetResolver reading package data from /Users/UmarBajwa/Desktop/hitch-frontend/node_modules/file-loader/package.json
202 verbose targetResolver reading package data from /Users/UmarBajwa/Desktop/hitch-frontend/node_modules/html-webpack-plugin/package.json
203 verbose targetResolver reading package data from /Users/UmarBajwa/Desktop/hitch-frontend/node_modules/image-webpack-loader/package.json
204 verbose targetResolver reading package data from /Users/UmarBajwa/Desktop/hitch-frontend/node_modules/jquery/package.json
205 verbose targetResolver reading package data from /Users/UmarBajwa/Desktop/hitch-frontend/node_modules/react/package.json
206 verbose targetResolver reading package data from /Users/UmarBajwa/Desktop/hitch-frontend/node_modules/react-addons-css-transition-group/package.json
207 verbose targetResolver reading package data from /Users/UmarBajwa/Desktop/hitch-frontend/node_modules/react-bootstrap/package.json
208 verbose targetResolver reading package data from /Users/UmarBajwa/Desktop/hitch-frontend/node_modules/react-dom/package.json
209 verbose targetResolver reading package data from /Users/UmarBajwa/Desktop/hitch-frontend/node_modules/react-router/package.json
210 verbose targetResolver reading package data from /Users/UmarBajwa/Desktop/hitch-frontend/node_modules/react-typist/package.json
211 verbose targetResolver reading package data from /Users/UmarBajwa/Desktop/hitch-frontend/node_modules/style-loader/package.json
212 verbose targetResolver reading package data from /Users/UmarBajwa/Desktop/hitch-frontend/node_modules/webpack/package.json
213 verbose targetResolver reading package data from /Users/UmarBajwa/Desktop/hitch-frontend/node_modules/webpack-dev-server/package.json
214 verbose targetResolver reading package data from /Users/UmarBajwa/Desktop/hitch-frontend/node_modules/.bin/eslint/package.json
215 verbose targetResolver reading package data from /Users/UmarBajwa/Desktop/hitch-frontend/node_modules/.bin/webpack/package.json
216 verbose targetResolver reading package data from /Users/UmarBajwa/Desktop/hitch-frontend/node_modules/.bin/webpack-dev-server/package.json
217 verbose already installed skipping react@^0.14 /Users/UmarBajwa/Desktop/hitch-frontend
218 verbose already installed skipping react-dom@^0.14 /Users/UmarBajwa/Desktop/hitch-frontend
219 silly install resolved []
220 verbose unlock done using /Users/UmarBajwa/.npm/_locks/react-typist-c5a0391a03d3336c.lock for /Users/UmarBajwa/Desktop/hitch-frontend/node_modules/react-typist
221 info build /Users/UmarBajwa/Desktop/hitch-frontend
222 info linkStuff hitch-frontend@1.0.0
223 silly linkStuff hitch-frontend@1.0.0 has /Users/UmarBajwa/Desktop as its parent node_modules
224 verbose linkBins hitch-frontend@1.0.0
225 verbose linkMans hitch-frontend@1.0.0
226 verbose rebuildBundles hitch-frontend@1.0.0
227 verbose rebuildBundles [ '.bin',
227 verbose rebuildBundles   'axios',
227 verbose rebuildBundles   'babel-core',
227 verbose rebuildBundles   'babel-loader',
227 verbose rebuildBundles   'babel-preset-es2015',
227 verbose rebuildBundles   'babel-preset-react',
227 verbose rebuildBundles   'css-loader',
227 verbose rebuildBundles   'eslint',
227 verbose rebuildBundles   'eslint-plugin-react',
227 verbose rebuildBundles   'file-loader',
227 verbose rebuildBundles   'html-webpack-plugin',
227 verbose rebuildBundles   'image-webpack-loader',
227 verbose rebuildBundles   'jquery',
227 verbose rebuildBundles   'react',
227 verbose rebuildBundles   'react-addons-css-transition-group',
227 verbose rebuildBundles   'react-bootstrap',
227 verbose rebuildBundles   'react-dom',
227 verbose rebuildBundles   'react-router',
227 verbose rebuildBundles   'react-typist',
227 verbose rebuildBundles   'style-loader',
227 verbose rebuildBundles   'webpack',
227 verbose rebuildBundles   'webpack-dev-server' ]
228 info install hitch-frontend@1.0.0
229 info postinstall hitch-frontend@1.0.0
230 info prepublish hitch-frontend@1.0.0
231 verbose validateInstall loading /Users/UmarBajwa/Desktop/hitch-frontend/package.json for validation
232 verbose stack Error: The package react@15.3.1 does not satisfy its siblings' peerDependencies requirements!
232 verbose stack     at /usr/local/lib/node_modules/npm/lib/install.js:125:32
232 verbose stack     at /usr/local/lib/node_modules/npm/lib/install.js:268:7
232 verbose stack     at /usr/local/lib/node_modules/npm/node_modules/read-installed/read-installed.js:142:5
232 verbose stack     at /usr/local/lib/node_modules/npm/node_modules/read-installed/read-installed.js:263:14
232 verbose stack     at cb (/usr/local/lib/node_modules/npm/node_modules/slide/lib/async-map.js:47:24)
232 verbose stack     at /usr/local/lib/node_modules/npm/node_modules/read-installed/read-installed.js:263:14
232 verbose stack     at cb (/usr/local/lib/node_modules/npm/node_modules/slide/lib/async-map.js:47:24)
232 verbose stack     at /usr/local/lib/node_modules/npm/node_modules/read-installed/read-installed.js:263:14
232 verbose stack     at cb (/usr/local/lib/node_modules/npm/node_modules/slide/lib/async-map.js:47:24)
232 verbose stack     at /usr/local/lib/node_modules/npm/node_modules/read-installed/read-installed.js:263:14
233 verbose cwd /Users/UmarBajwa/Desktop/hitch-frontend
234 error Darwin 14.5.0
235 error argv "/usr/local/bin/node" "/usr/local/bin/npm" "install"
236 error node v4.5.0
237 error npm  v2.15.9
238 error code EPEERINVALID
239 error peerinvalid The package react@15.3.1 does not satisfy its siblings' peerDependencies requirements!
239 error peerinvalid Peer react-addons-css-transition-group@15.3.1 wants react@^15.3.1
239 error peerinvalid Peer react-bootstrap@0.30.3 wants react@>=0.14.0
239 error peerinvalid Peer react-dom@15.3.1 wants react@^15.3.1
239 error peerinvalid Peer react-router@2.8.0 wants react@^0.14.0 || ^15.0.0
239 error peerinvalid Peer react-typist@0.3.0 wants react@^0.14
240 verbose exit [ 1, true ]
